#
# A fatal error has been detected by the Java Runtime Environment:
#
#  SIGBUS (0xa) at pc=0x0000000108b39e92, pid=29721, tid=0x0000000000001507
#
# JRE version: Java(TM) SE Runtime Environment (8.0_131-b11) (build 1.8.0_131-b11)
# Java VM: Java HotSpot(TM) 64-Bit Server VM (25.131-b11 mixed mode bsd-amd64 compressed oops)
# Problematic frame:
# C  [libzip.dylib+0x2e92]  newEntry+0x154
#
# Failed to write core dump. Core dumps have been disabled. To enable core dumping, try "ulimit -c unlimited" before starting Java again
#
# If you would like to submit a bug report, please visit:
#   http://bugreport.java.com/bugreport/crash.jsp
# The crash happened outside the Java Virtual Machine in native code.
# See problematic frame for where to report the bug.
#

---------------  T H R E A D  ---------------

Current thread (0x00007fade3838800):  JavaThread "Thread-11" [_thread_in_native, id=5383, stack(0x000070000a11a000,0x000070000a21a000)]

siginfo: si_signo: 10 (SIGBUS), si_code: 2 (BUS_ADRERR), si_addr: 0x00000001275e97b1

Registers:
RAX=0x00007fadded0be60, RBX=0x00000001275e97a5, RCX=0x0000000000000001, RDX=0x0000000000000100
RSP=0x000070000a2174d0, RBP=0x000070000a217530, RSI=0x0000000000800000, RDI=0x0000000000000151
R8 =0x0000000000000048, R9 =0x00007fade0e15120, R10=0x00000000ff800000, R11=0x0000000000000001
R12=0x000000012766c000, R13=0x0000000000019000, R14=0x000000009ac6435b, R15=0x00007faddee14240
RIP=0x0000000108b39e92, EFLAGS=0x0000000000010206, ERR=0x0000000000000004
  TRAPNO=0x000000000000000e

Top of Stack: (sp=0x000070000a2174d0)
0x000070000a2174d0:   0000000000000000 0000000000000000
0x000070000a2174e0:   0000000028fd6708 00000000294a2ef8
0x000070000a2174f0:   000070000a217510 00007fadded0be60
0x000070000a217500:   00007fade0e15120 00007fadded0be60
0x000070000a217510:   000000012766c000 0000000000019000
0x000070000a217520:   000000009ac6435b 00007faddee14240
0x000070000a217530:   000070000a217590 0000000108b3a52d
0x000070000a217540:   000070000a2175da 000070000a2175d9
0x000070000a217550:   0000002a00000000 0000002b01838800
0x000070000a217560:   000070000a2175ae 000070000a2179f8
0x000070000a217570:   000000000000002b 000070000a2175ae
0x000070000a217580:   00007fadded0be60 00007fade38389f8
0x000070000a217590:   000070000a2179e0 0000000108b39238
0x000070000a2175a0:   0000000000000000 726f000000000001
0x000070000a2175b0:   7370696c63652f67 2f797474656a2f65
0x000070000a2175c0:   7475462f6c697475 626c6c6143657275
0x000070000a2175d0:   73616c632e6b6361 0000000028000073
0x000070000a2175e0:   0000000028fd3b58 0000000000000000
0x000070000a2175f0:   0000000000000000 0000000000000000
0x000070000a217600:   0000000000000000 0000000000000000
0x000070000a217610:   0000000000000000 0000000000000000
0x000070000a217620:   0000000000000000 0000000000000000
0x000070000a217630:   000070000a217680 00007fffc002b438
0x000070000a217640:   000070000a217808 0000000000000000
0x000070000a217650:   000070000a2177e8 0000000000000000
0x000070000a217660:   00007fffc0073680 0000000000000000
0x000070000a217670:   000000010a216b2a 0000000000000033
0x000070000a217680:   000070000a217a70 00007fffc003598b
0x000070000a217690:   0000000000000000 0000000000000000
0x000070000a2176a0:   0000000000000000 0000000000000000
0x000070000a2176b0:   0000000000000000 0000000028fd3af8
0x000070000a2176c0:   0000000000000000 0000000028fd3c18 

Instructions: (pc=0x0000000108b39e92)
0x0000000108b39e72:   49 8b 7f 38 e8 5b 1b 00 00 4d 89 77 38 49 89 5f
0x0000000108b39e82:   40 4c 89 f0 48 85 c0 0f 84 11 05 00 00 48 89 c3
0x0000000108b39e92:   0f b6 43 0c 0f b6 4b 0d 48 c1 e1 08 48 01 c1 0f
0x0000000108b39ea2:   b6 43 0e 0f b6 53 0f 48 c1 e2 08 48 01 c2 48 c1 

Register to memory mapping:

RAX=0x00007fadded0be60 is an unknown value
RBX=0x00000001275e97a5 is an unknown value
RCX=0x0000000000000001 is an unknown value
RDX=0x0000000000000100 is an unknown value
RSP=0x000070000a2174d0 is pointing into the stack for thread: 0x00007fade3838800
RBP=0x000070000a217530 is pointing into the stack for thread: 0x00007fade3838800
RSI=0x0000000000800000 is an unknown value
RDI=0x0000000000000151 is an unknown value
R8 =0x0000000000000048 is an unknown value
R9 =0x00007fade0e15120 is an unknown value
R10=0x00000000ff800000 is an unknown value
R11=0x0000000000000001 is an unknown value
R12=0x000000012766c000 is an unknown value
R13=0x0000000000019000 is an unknown value
R14=0x000000009ac6435b is an unknown value
R15=0x00007faddee14240 is an unknown value


Stack: [0x000070000a11a000,0x000070000a21a000],  sp=0x000070000a2174d0,  free space=1013k
Native frames: (J=compiled Java code, j=interpreted, Vv=VM code, C=native code)
C  [libzip.dylib+0x2e92]  newEntry+0x154
C  [libzip.dylib+0x352d]  ZIP_GetEntry2+0xd4
C  [libzip.dylib+0x2238]  Java_java_util_zip_ZipFile_getEntry+0xcf
J 178  java.util.zip.ZipFile.getEntry(J[BZ)J (0 bytes) @ 0x00000001165c124e [0x00000001165c1180+0xce]
J 1430 C2 sun.misc.URLClassPath$JarLoader.getResource(Ljava/lang/String;Z)Lsun/misc/Resource; (85 bytes) @ 0x0000000116900b88 [0x0000000116900640+0x548]
J 1564 C2 java.net.URLClassLoader$1.run()Ljava/lang/Object; (5 bytes) @ 0x0000000116a61acc [0x0000000116a61520+0x5ac]
v  ~StubRoutines::call_stub
V  [libjvm.dylib+0x2ee5b6]  JavaCalls::call_helper(JavaValue*, methodHandle*, JavaCallArguments*, Thread*)+0x6ae
V  [libjvm.dylib+0x34ed14]  JVM_DoPrivileged+0x4b8
J 171  java.security.AccessController.doPrivileged(Ljava/security/PrivilegedExceptionAction;Ljava/security/AccessControlContext;)Ljava/lang/Object; (0 bytes) @ 0x00000001165b8ad5 [0x00000001165b8a00+0xd5]
J 1563 C2 java.net.URLClassLoader.findClass(Ljava/lang/String;)Ljava/lang/Class; (47 bytes) @ 0x0000000116942d3c [0x0000000116942ca0+0x9c]
J 1474 C2 java.lang.ClassLoader.loadClass(Ljava/lang/String;Z)Ljava/lang/Class; (122 bytes) @ 0x000000011692ac64 [0x000000011692a200+0xa64]
J 197 C1 sun.misc.Launcher$AppClassLoader.loadClass(Ljava/lang/String;Z)Ljava/lang/Class; (85 bytes) @ 0x00000001165cb6a4 [0x00000001165cad00+0x9a4]
J 196 C1 java.lang.ClassLoader.loadClass(Ljava/lang/String;)Ljava/lang/Class; (7 bytes) @ 0x00000001165ca944 [0x00000001165ca840+0x104]
v  ~StubRoutines::call_stub
V  [libjvm.dylib+0x2ee5b6]  JavaCalls::call_helper(JavaValue*, methodHandle*, JavaCallArguments*, Thread*)+0x6ae
V  [libjvm.dylib+0x2eed5a]  JavaCalls::call_virtual(JavaValue*, KlassHandle, Symbol*, Symbol*, JavaCallArguments*, Thread*)+0x164
V  [libjvm.dylib+0x2eeeb2]  JavaCalls::call_virtual(JavaValue*, Handle, KlassHandle, Symbol*, Symbol*, Handle, Thread*)+0x56
V  [libjvm.dylib+0x53ca02]  SystemDictionary::load_instance_class(Symbol*, Handle, Thread*)+0x2d8
V  [libjvm.dylib+0x53c1ca]  SystemDictionary::resolve_instance_class_or_null(Symbol*, Handle, Handle, Thread*)+0x484
V  [libjvm.dylib+0x53cc1e]  SystemDictionary::resolve_or_null(Symbol*, Handle, Handle, Thread*)+0x106
V  [libjvm.dylib+0x53d2d1]  SystemDictionary::resolve_or_fail(Symbol*, Handle, Handle, bool, Thread*)+0x31
V  [libjvm.dylib+0x1e334a]  ConstantPool::klass_at_impl(constantPoolHandle, int, Thread*)+0x2ee
V  [libjvm.dylib+0x1f379a]  ConstantPool::klass_at(int, Thread*)+0x92
V  [libjvm.dylib+0x2e9fd7]  InterpreterRuntime::_new(JavaThread*, ConstantPool*, int)+0x2d
j  org.eclipse.jetty.server.AbstractConnector.shutdown()Ljava/util/concurrent/Future;+0
j  org.eclipse.jetty.server.AbstractNetworkConnector.shutdown()Ljava/util/concurrent/Future;+5
j  org.eclipse.jetty.server.ServerConnector.shutdown()Ljava/util/concurrent/Future;+1
j  org.eclipse.jetty.server.Server.doStop()V+89
j  org.eclipse.jetty.util.component.AbstractLifeCycle.stop()V+30
j  org.eclipse.jetty.util.thread.ShutdownThread.run()V+41
v  ~StubRoutines::call_stub
V  [libjvm.dylib+0x2ee5b6]  JavaCalls::call_helper(JavaValue*, methodHandle*, JavaCallArguments*, Thread*)+0x6ae
V  [libjvm.dylib+0x2eed5a]  JavaCalls::call_virtual(JavaValue*, KlassHandle, Symbol*, Symbol*, JavaCallArguments*, Thread*)+0x164
V  [libjvm.dylib+0x2eef06]  JavaCalls::call_virtual(JavaValue*, Handle, KlassHandle, Symbol*, Symbol*, Thread*)+0x4a
V  [libjvm.dylib+0x34965d]  thread_entry(JavaThread*, Thread*)+0x7c
V  [libjvm.dylib+0x56b87f]  JavaThread::thread_main_inner()+0x9b
V  [libjvm.dylib+0x56cf6c]  JavaThread::run()+0x1c2
V  [libjvm.dylib+0x48b376]  java_start(Thread*)+0xf6
C  [libsystem_pthread.dylib+0x393b]  _pthread_body+0xb4
C  [libsystem_pthread.dylib+0x3887]  _pthread_body+0x0
C  [libsystem_pthread.dylib+0x308d]  thread_start+0xd
C  0x0000000000000000

Java frames: (J=compiled Java code, j=interpreted, Vv=VM code)
J 178  java.util.zip.ZipFile.getEntry(J[BZ)J (0 bytes) @ 0x00000001165c11d8 [0x00000001165c1180+0x58]
J 1430 C2 sun.misc.URLClassPath$JarLoader.getResource(Ljava/lang/String;Z)Lsun/misc/Resource; (85 bytes) @ 0x0000000116900b88 [0x0000000116900640+0x548]
J 1564 C2 java.net.URLClassLoader$1.run()Ljava/lang/Object; (5 bytes) @ 0x0000000116a61acc [0x0000000116a61520+0x5ac]
v  ~StubRoutines::call_stub
J 171  java.security.AccessController.doPrivileged(Ljava/security/PrivilegedExceptionAction;Ljava/security/AccessControlContext;)Ljava/lang/Object; (0 bytes) @ 0x00000001165b8a63 [0x00000001165b8a00+0x63]
J 1563 C2 java.net.URLClassLoader.findClass(Ljava/lang/String;)Ljava/lang/Class; (47 bytes) @ 0x0000000116942d3c [0x0000000116942ca0+0x9c]
J 1474 C2 java.lang.ClassLoader.loadClass(Ljava/lang/String;Z)Ljava/lang/Class; (122 bytes) @ 0x000000011692ac64 [0x000000011692a200+0xa64]
J 197 C1 sun.misc.Launcher$AppClassLoader.loadClass(Ljava/lang/String;Z)Ljava/lang/Class; (85 bytes) @ 0x00000001165cb6a4 [0x00000001165cad00+0x9a4]
J 196 C1 java.lang.ClassLoader.loadClass(Ljava/lang/String;)Ljava/lang/Class; (7 bytes) @ 0x00000001165ca944 [0x00000001165ca840+0x104]
v  ~StubRoutines::call_stub
j  org.eclipse.jetty.server.AbstractConnector.shutdown()Ljava/util/concurrent/Future;+0
j  org.eclipse.jetty.server.AbstractNetworkConnector.shutdown()Ljava/util/concurrent/Future;+5
j  org.eclipse.jetty.server.ServerConnector.shutdown()Ljava/util/concurrent/Future;+1
j  org.eclipse.jetty.server.Server.doStop()V+89
j  org.eclipse.jetty.util.component.AbstractLifeCycle.stop()V+30
j  org.eclipse.jetty.util.thread.ShutdownThread.run()V+41
v  ~StubRoutines::call_stub

---------------  P R O C E S S  ---------------

Java Threads: ( => current thread )
=>0x00007fade3838800 JavaThread "Thread-11" [_thread_in_native, id=5383, stack(0x000070000a11a000,0x000070000a21a000)]
  0x00007fade5042800 JavaThread "SIGINT handler" daemon [_thread_blocked, id=17691, stack(0x000070000a017000,0x000070000a117000)]
  0x00007fade436f000 JavaThread "dw-admin-40" [_thread_blocked, id=30743, stack(0x0000700009f14000,0x000070000a014000)]
  0x00007faddfd02800 JavaThread "Scheduler-1788545647" [_thread_blocked, id=30215, stack(0x0000700009e11000,0x0000700009f11000)]
  0x00007faddfd2f000 JavaThread "DestroyJavaVM" [_thread_blocked, id=7171, stack(0x0000700007c00000,0x0000700007d00000)]
  0x00007fade03fb800 JavaThread "dw-admin-26-acceptor-0@3126b946-admin@351e414e{HTTP/1.1,[http/1.1]}{0.0.0.0:8081}" [_thread_in_native, id=29699, stack(0x0000700009d0e000,0x0000700009e0e000)]
  0x00007faddfa5e000 JavaThread "process reaper" daemon [_thread_blocked, id=29187, stack(0x0000700009ce3000,0x0000700009d0b000)]
  0x00007faddfabe000 JavaThread "dw-admin-24" [_thread_in_native, id=28675, stack(0x0000700009be0000,0x0000700009ce0000)]
  0x00007faddfabd800 JavaThread "pool-3-thread-2" [_thread_blocked, id=28163, stack(0x0000700009add000,0x0000700009bdd000)]
  0x00007faddfabc800 JavaThread "pool-3-thread-1" [_thread_blocked, id=27651, stack(0x00007000099da000,0x0000700009ada000)]
  0x00007faddf23b000 JavaThread "dw-20" [_thread_blocked, id=27139, stack(0x00007000098d7000,0x00007000099d7000)]
  0x00007faddf23a000 JavaThread "dw-19" [_thread_blocked, id=26627, stack(0x00007000097d4000,0x00007000098d4000)]
  0x00007faddf239800 JavaThread "dw-18" [_thread_blocked, id=26115, stack(0x00007000096d1000,0x00007000097d1000)]
  0x00007faddf238800 JavaThread "dw-17" [_thread_in_native, id=25603, stack(0x00007000095ce000,0x00007000096ce000)]
  0x00007faddf302000 JavaThread "dw-16" [_thread_blocked, id=25091, stack(0x00007000094cb000,0x00007000095cb000)]
  0x00007faddf96d000 JavaThread "dw-15" [_thread_blocked, id=24579, stack(0x00007000093c8000,0x00007000094c8000)]
  0x00007faddf96c000 JavaThread "dw-14" [_thread_blocked, id=24067, stack(0x00007000092c5000,0x00007000093c5000)]
  0x00007faddf9fb000 JavaThread "dw-13" [_thread_blocked, id=23555, stack(0x00007000091c2000,0x00007000092c2000)]
  0x00007faddf938800 JavaThread "AsyncAppender-Worker-async-console-appender" daemon [_thread_blocked, id=23043, stack(0x00007000090bf000,0x00007000091bf000)]
  0x00007fade02cd000 JavaThread "AsyncAppender-Worker-async-console-appender" daemon [_thread_blocked, id=22531, stack(0x0000700008fbc000,0x00007000090bc000)]
  0x00007fade1028800 JavaThread "Service Thread" daemon [_thread_blocked, id=21507, stack(0x0000700008db6000,0x0000700008eb6000)]
  0x00007fade0032000 JavaThread "C1 CompilerThread3" daemon [_thread_blocked, id=20995, stack(0x0000700008cb3000,0x0000700008db3000)]
  0x00007fade0002800 JavaThread "C2 CompilerThread2" daemon [_thread_blocked, id=20483, stack(0x0000700008bb0000,0x0000700008cb0000)]
  0x00007faddf80a000 JavaThread "C2 CompilerThread1" daemon [_thread_blocked, id=19971, stack(0x0000700008aad000,0x0000700008bad000)]
  0x00007faddf06b800 JavaThread "C2 CompilerThread0" daemon [_thread_blocked, id=19459, stack(0x00007000089aa000,0x0000700008aaa000)]
  0x00007faddf013800 JavaThread "Signal Dispatcher" daemon [_thread_blocked, id=18947, stack(0x00007000088a7000,0x00007000089a7000)]
  0x00007faddf03e800 JavaThread "Finalizer" daemon [_thread_blocked, id=14595, stack(0x0000700008721000,0x0000700008821000)]
  0x00007faddf03c000 JavaThread "Reference Handler" daemon [_thread_blocked, id=14083, stack(0x000070000861e000,0x000070000871e000)]

Other Threads:
  0x00007faddf003800 VMThread [stack: 0x000070000851b000,0x000070000861b000] [id=13571]
  0x00007fade1010000 WatcherThread [stack: 0x0000700008eb9000,0x0000700008fb9000] [id=22019]

VM state:not at safepoint (normal execution)

VM Mutex/Monitor currently owned by a thread: None

Heap:
 PSYoungGen      total 141824K, used 105387K [0x000000076ab00000, 0x0000000774000000, 0x00000007c0000000)
  eden space 131072K, 80% used [0x000000076ab00000,0x00000007711eadb0,0x0000000772b00000)
  from space 10752K, 0% used [0x0000000773580000,0x0000000773580000,0x0000000774000000)
  to   space 10752K, 0% used [0x0000000772b00000,0x0000000772b00000,0x0000000773580000)
 ParOldGen       total 98304K, used 6245K [0x00000006c0000000, 0x00000006c6000000, 0x000000076ab00000)
  object space 98304K, 6% used [0x00000006c0000000,0x00000006c0619680,0x00000006c6000000)
 Metaspace       used 28205K, capacity 28574K, committed 28800K, reserved 1075200K
  class space    used 3583K, capacity 3706K, committed 3712K, reserved 1048576K

Card table byte_map: [0x000000010af63000,0x000000010b764000] byte_map_base: 0x0000000107963000

Marking Bits: (ParMarkBitMap*) 0x000000010a4f1ea0
 Begin Bits: [0x000000010bcba000, 0x000000010fcba000)
 End Bits:   [0x000000010fcba000, 0x0000000113cba000)

Polling page: 0x0000000108b2d000

CodeCache: size=245760Kb used=8738Kb max_used=8743Kb free=237021Kb
 bounds [0x0000000116454000, 0x0000000116cf4000, 0x0000000125454000]
 total_blobs=3448 nmethods=2981 adapters=380
 compilation: enabled

Compilation events (10 events):
Event: 641.900 Thread 0x00007fade0032000 nmethod 3304 0x0000000116ce8550 code [0x0000000116ce8720, 0x0000000116ce8fd8]
Event: 643.898 Thread 0x00007faddf06b800 3305       4       org.eclipse.jetty.http.HttpFields$Itr::hasNext (20 bytes)
Event: 643.899 Thread 0x00007faddf06b800 nmethod 3305 0x0000000116799850 code [0x00000001167999a0, 0x0000000116799a38]
Event: 645.907 Thread 0x00007fade0002800 3306       4       java.nio.Buffer::flip (20 bytes)
Event: 645.908 Thread 0x00007fade0002800 nmethod 3306 0x00000001165be210 code [0x00000001165be360, 0x00000001165be3d8]
Event: 651.932 Thread 0x00007faddf80a000 3307       4       java.util.LinkedHashMap$LinkedKeySet::iterator (12 bytes)
Event: 651.933 Thread 0x00007faddf80a000 nmethod 3307 0x00000001168d2a90 code [0x00000001168d2be0, 0x00000001168d2cf8]
Event: 658.046 Thread 0x00007fade0032000 3308       3       java.util.logging.LogManager$LoggerContext::ensureDefaultLogger (70 bytes)
Event: 658.047 Thread 0x00007fade0032000 nmethod 3308 0x0000000116cdcd10 code [0x0000000116cdcee0, 0x0000000116cdd788]
Event: 658.047 Thread 0x00007fade0032000 3309  s    3       java.util.Hashtable::containsKey (65 bytes)

GC Heap History (6 events):
Event: 0.975 GC heap before
{Heap before GC invocations=1 (full 0):
 PSYoungGen      total 76288K, used 65536K [0x000000076ab00000, 0x0000000770000000, 0x00000007c0000000)
  eden space 65536K, 100% used [0x000000076ab00000,0x000000076eb00000,0x000000076eb00000)
  from space 10752K, 0% used [0x000000076f580000,0x000000076f580000,0x0000000770000000)
  to   space 10752K, 0% used [0x000000076eb00000,0x000000076eb00000,0x000000076f580000)
 ParOldGen       total 175104K, used 0K [0x00000006c0000000, 0x00000006cab00000, 0x000000076ab00000)
  object space 175104K, 0% used [0x00000006c0000000,0x00000006c0000000,0x00000006cab00000)
 Metaspace       used 20054K, capacity 20284K, committed 20352K, reserved 1067008K
  class space    used 2533K, capacity 2645K, committed 2688K, reserved 1048576K
Event: 0.996 GC heap after
Heap after GC invocations=1 (full 0):
 PSYoungGen      total 76288K, used 10737K [0x000000076ab00000, 0x0000000774000000, 0x00000007c0000000)
  eden space 65536K, 0% used [0x000000076ab00000,0x000000076ab00000,0x000000076eb00000)
  from space 10752K, 99% used [0x000000076eb00000,0x000000076f57c6f8,0x000000076f580000)
  to   space 10752K, 0% used [0x0000000773580000,0x0000000773580000,0x0000000774000000)
 ParOldGen       total 175104K, used 5025K [0x00000006c0000000, 0x00000006cab00000, 0x000000076ab00000)
  object space 175104K, 2% used [0x00000006c0000000,0x00000006c04e8468,0x00000006cab00000)
 Metaspace       used 20054K, capacity 20284K, committed 20352K, reserved 1067008K
  class space    used 2533K, capacity 2645K, committed 2688K, reserved 1048576K
}
Event: 1.056 GC heap before
{Heap before GC invocations=2 (full 0):
 PSYoungGen      total 76288K, used 15280K [0x000000076ab00000, 0x0000000774000000, 0x00000007c0000000)
  eden space 65536K, 6% used [0x000000076ab00000,0x000000076af6f920,0x000000076eb00000)
  from space 10752K, 99% used [0x000000076eb00000,0x000000076f57c6f8,0x000000076f580000)
  to   space 10752K, 0% used [0x0000000773580000,0x0000000773580000,0x0000000774000000)
 ParOldGen       total 175104K, used 5025K [0x00000006c0000000, 0x00000006cab00000, 0x000000076ab00000)
  object space 175104K, 2% used [0x00000006c0000000,0x00000006c04e8468,0x00000006cab00000)
 Metaspace       used 20902K, capacity 21152K, committed 21248K, reserved 1067008K
  class space    used 2672K, capacity 2785K, committed 2816K, reserved 1048576K
Event: 1.061 GC heap after
Heap after GC invocations=2 (full 0):
 PSYoungGen      total 141824K, used 5915K [0x000000076ab00000, 0x0000000774000000, 0x00000007c0000000)
  eden space 131072K, 0% used [0x000000076ab00000,0x000000076ab00000,0x0000000772b00000)
  from space 10752K, 55% used [0x0000000773580000,0x0000000773b46c00,0x0000000774000000)
  to   space 10752K, 0% used [0x0000000772b00000,0x0000000772b00000,0x0000000773580000)
 ParOldGen       total 175104K, used 5033K [0x00000006c0000000, 0x00000006cab00000, 0x000000076ab00000)
  object space 175104K, 2% used [0x00000006c0000000,0x00000006c04ea468,0x00000006cab00000)
 Metaspace       used 20902K, capacity 21152K, committed 21248K, reserved 1067008K
  class space    used 2672K, capacity 2785K, committed 2816K, reserved 1048576K
}
Event: 1.061 GC heap before
{Heap before GC invocations=3 (full 1):
 PSYoungGen      total 141824K, used 5915K [0x000000076ab00000, 0x0000000774000000, 0x00000007c0000000)
  eden space 131072K, 0% used [0x000000076ab00000,0x000000076ab00000,0x0000000772b00000)
  from space 10752K, 55% used [0x0000000773580000,0x0000000773b46c00,0x0000000774000000)
  to   space 10752K, 0% used [0x0000000772b00000,0x0000000772b00000,0x0000000773580000)
 ParOldGen       total 175104K, used 5033K [0x00000006c0000000, 0x00000006cab00000, 0x000000076ab00000)
  object space 175104K, 2% used [0x00000006c0000000,0x00000006c04ea468,0x00000006cab00000)
 Metaspace       used 20902K, capacity 21152K, committed 21248K, reserved 1067008K
  class space    used 2672K, capacity 2785K, committed 2816K, reserved 1048576K
Event: 1.086 GC heap after
Heap after GC invocations=3 (full 1):
 PSYoungGen      total 141824K, used 0K [0x000000076ab00000, 0x0000000774000000, 0x00000007c0000000)
  eden space 131072K, 0% used [0x000000076ab00000,0x000000076ab00000,0x0000000772b00000)
  from space 10752K, 0% used [0x0000000773580000,0x0000000773580000,0x0000000774000000)
  to   space 10752K, 0% used [0x0000000772b00000,0x0000000772b00000,0x0000000773580000)
 ParOldGen       total 98304K, used 6245K [0x00000006c0000000, 0x00000006c6000000, 0x000000076ab00000)
  object space 98304K, 6% used [0x00000006c0000000,0x00000006c0619680,0x00000006c6000000)
 Metaspace       used 20902K, capacity 21152K, committed 21248K, reserved 1067008K
  class space    used 2672K, capacity 2785K, committed 2816K, reserved 1048576K
}

Deoptimization events (10 events):
Event: 1.341 Thread 0x00007fade0005000 Uncommon trap: reason=class_check action=maybe_recompile pc=0x00000001167d39cc method=java.lang.reflect.Method.equals(Ljava/lang/Object;)Z @ 5
Event: 1.341 Thread 0x00007fade0005000 Uncommon trap: reason=class_check action=maybe_recompile pc=0x00000001167d39cc method=java.lang.reflect.Method.equals(Ljava/lang/Object;)Z @ 5
Event: 1.352 Thread 0x00007fade0005000 Uncommon trap: reason=unstable_if action=reinterpret pc=0x00000001169679f4 method=java.util.Properties.loadConvert([CII[C)Ljava/lang/String; @ 57
Event: 1.394 Thread 0x00007fade0005000 Uncommon trap: reason=unstable_if action=reinterpret pc=0x00000001169b0148 method=java.lang.Class.searchMethods([Ljava/lang/reflect/Method;Ljava/lang/String;[Ljava/lang/Class;)Ljava/lang/reflect/Method; @ 47
Event: 1.435 Thread 0x00007fade0005000 Uncommon trap: reason=unstable_if action=reinterpret pc=0x000000011676dd88 method=java.util.concurrent.ConcurrentHashMap.putVal(Ljava/lang/Object;Ljava/lang/Object;Z)Ljava/lang/Object; @ 331
Event: 1.559 Thread 0x00007faddf302000 Uncommon trap: reason=unstable_if action=reinterpret pc=0x000000011673e9a0 method=java.lang.CharacterDataLatin1.isWhitespace(I)Z @ 14
Event: 1.656 Thread 0x00007faddf9fb000 Uncommon trap: reason=unstable_if action=reinterpret pc=0x0000000116939dcc method=java.util.HashMap$HashIterator.<init>(Ljava/util/HashMap;)V @ 45
Event: 1.656 Thread 0x00007faddf9fb000 Uncommon trap: reason=unstable_if action=reinterpret pc=0x0000000116871790 method=java.util.HashMap$HashIterator.<init>(Ljava/util/HashMap;)V @ 45
Event: 3.184 Thread 0x00007faddf9fb000 Uncommon trap: reason=unstable_if action=reinterpret pc=0x000000011683133c method=java.util.HashMap$HashIterator.<init>(Ljava/util/HashMap;)V @ 45
Event: 3.186 Thread 0x00007faddf9fb000 Uncommon trap: reason=unstable_if action=reinterpret pc=0x00000001169b3f8c method=java.util.LinkedHashMap.get(Ljava/lang/Object;)Ljava/lang/Object; @ 20

Internal exceptions (10 events):
Event: 0.614 Thread 0x00007fade0005000 Exception <a 'java/lang/ArrayIndexOutOfBoundsException'> (0x000000076ce70d00) thrown at [/Users/java_re/workspace/8-2-build-macosx-x86_64/jdk8u131/8869/hotspot/src/share/vm/runtime/sharedRuntime.cpp, line 605]
Event: 0.614 Thread 0x00007fade0005000 Exception <a 'java/lang/ArrayIndexOutOfBoundsException'> (0x000000076ce72850) thrown at [/Users/java_re/workspace/8-2-build-macosx-x86_64/jdk8u131/8869/hotspot/src/share/vm/runtime/sharedRuntime.cpp, line 605]
Event: 0.614 Thread 0x00007fade0005000 Exception <a 'java/lang/ArrayIndexOutOfBoundsException'> (0x000000076ce74580) thrown at [/Users/java_re/workspace/8-2-build-macosx-x86_64/jdk8u131/8869/hotspot/src/share/vm/runtime/sharedRuntime.cpp, line 605]
Event: 0.614 Thread 0x00007fade0005000 Exception <a 'java/lang/ArrayIndexOutOfBoundsException'> (0x000000076ce75c78) thrown at [/Users/java_re/workspace/8-2-build-macosx-x86_64/jdk8u131/8869/hotspot/src/share/vm/runtime/sharedRuntime.cpp, line 605]
Event: 0.730 Thread 0x00007fade0005000 Implicit null exception at 0x00000001166e4d35 to 0x00000001166e50f5
Event: 0.730 Thread 0x00007fade0005000 Implicit null exception at 0x0000000116658c74 to 0x0000000116659089
Event: 0.890 Thread 0x00007fade0005000 Exception <a 'java/lang/NoSuchMethodError': org.slf4j.impl.StaticMDCBinder.getSingleton()Lorg/slf4j/impl/StaticMDCBinder;> (0x000000076e5aba90) thrown at [/Users/java_re/workspace/8-2-build-macosx-x86_64/jdk8u131/8869/hotspot/src/share/vm/interpreter/link
Event: 1.024 Thread 0x00007fade0005000 Exception <a 'java/io/FileNotFoundException'> (0x000000076ac14ba8) thrown at [/Users/java_re/workspace/8-2-build-macosx-x86_64/jdk8u131/8869/hotspot/src/share/vm/prims/jni.cpp, line 709]
Event: 1.025 Thread 0x00007fade0005000 Exception <a 'java/io/FileNotFoundException'> (0x000000076ac267b0) thrown at [/Users/java_re/workspace/8-2-build-macosx-x86_64/jdk8u131/8869/hotspot/src/share/vm/prims/jni.cpp, line 709]
Event: 658.046 Thread 0x00007faddf96c000 Exception <a 'java/io/IOException'> (0x000000076d00d808) thrown at [/Users/java_re/workspace/8-2-build-macosx-x86_64/jdk8u131/8869/hotspot/src/share/vm/prims/jni.cpp, line 709]

Events (10 events):
Event: 658.045 loading class sun/misc/Signal$1
Event: 658.045 loading class sun/misc/Signal$1 done
Event: 658.045 Thread 0x00007fade5042800 Thread added: 0x00007fade5042800
Event: 658.045 Thread 0x00007fade3838800 Thread added: 0x00007fade3838800
Event: 658.045 Thread 0x00007fade3abb000 Thread added: 0x00007fade3abb000
Event: 658.046 loading class java/nio/channels/AsynchronousCloseException
Event: 658.046 loading class java/nio/channels/AsynchronousCloseException done
Event: 658.046 Thread 0x00007fade3abb000 Thread exited: 0x00007fade3abb000
Event: 658.047 loading class org/eclipse/jetty/util/FutureCallback
Event: 658.047 loading class org/eclipse/jetty/util/FutureCallback done


Dynamic libraries:
0x0000000035430000 	/System/Library/Frameworks/Cocoa.framework/Versions/A/Cocoa
0x0000000035430000 	/System/Library/Frameworks/Security.framework/Versions/A/Security
0x0000000035430000 	/System/Library/Frameworks/ApplicationServices.framework/Versions/A/ApplicationServices
0x0000000035430000 	/usr/lib/libz.1.dylib
0x0000000035430000 	/usr/lib/libSystem.B.dylib
0x0000000035430000 	/usr/lib/libobjc.A.dylib
0x0000000035430000 	/System/Library/Frameworks/CoreFoundation.framework/Versions/A/CoreFoundation
0x0000000035430000 	/System/Library/Frameworks/Foundation.framework/Versions/C/Foundation
0x0000000035430000 	/System/Library/Frameworks/AppKit.framework/Versions/C/AppKit
0x0000000035430000 	/System/Library/Frameworks/CoreData.framework/Versions/A/CoreData
0x0000000035430000 	/System/Library/PrivateFrameworks/RemoteViewServices.framework/Versions/A/RemoteViewServices
0x0000000035430000 	/System/Library/PrivateFrameworks/UIFoundation.framework/Versions/A/UIFoundation
0x0000000035430000 	/System/Library/PrivateFrameworks/DFRFoundation.framework/Versions/A/DFRFoundation
0x0000000035430000 	/usr/lib/libenergytrace.dylib
0x0000000035430000 	/System/Library/PrivateFrameworks/SkyLight.framework/Versions/A/SkyLight
0x0000000035430000 	/System/Library/Frameworks/CoreGraphics.framework/Versions/A/CoreGraphics
0x0000000035430000 	/usr/lib/libScreenReader.dylib
0x0000000035430000 	/System/Library/Frameworks/Accelerate.framework/Versions/A/Accelerate
0x0000000035430000 	/System/Library/Frameworks/IOSurface.framework/Versions/A/IOSurface
0x0000000035430000 	/System/Library/Frameworks/AudioToolbox.framework/Versions/A/AudioToolbox
0x0000000035430000 	/System/Library/Frameworks/AudioUnit.framework/Versions/A/AudioUnit
0x0000000035430000 	/System/Library/PrivateFrameworks/DataDetectorsCore.framework/Versions/A/DataDetectorsCore
0x0000000035430000 	/System/Library/PrivateFrameworks/DesktopServicesPriv.framework/Versions/A/DesktopServicesPriv
0x0000000035430000 	/System/Library/Frameworks/Carbon.framework/Versions/A/Frameworks/HIToolbox.framework/Versions/A/HIToolbox
0x0000000035430000 	/usr/lib/libicucore.A.dylib
0x0000000035430000 	/System/Library/Frameworks/QuartzCore.framework/Versions/A/QuartzCore
0x0000000035430000 	/System/Library/Frameworks/Carbon.framework/Versions/A/Frameworks/SpeechRecognition.framework/Versions/A/SpeechRecognition
0x0000000035430000 	/usr/lib/libauto.dylib
0x0000000035430000 	/usr/lib/libxml2.2.dylib
0x0000000035430000 	/System/Library/PrivateFrameworks/CoreUI.framework/Versions/A/CoreUI
0x0000000035430000 	/System/Library/Frameworks/CoreAudio.framework/Versions/A/CoreAudio
0x0000000035430000 	/System/Library/Frameworks/DiskArbitration.framework/Versions/A/DiskArbitration
0x0000000035430000 	/usr/lib/liblangid.dylib
0x0000000035430000 	/System/Library/PrivateFrameworks/MultitouchSupport.framework/Versions/A/MultitouchSupport
0x0000000035430000 	/System/Library/Frameworks/IOKit.framework/Versions/A/IOKit
0x0000000035430000 	/usr/lib/libDiagnosticMessagesClient.dylib
0x0000000035430000 	/System/Library/Frameworks/CoreServices.framework/Versions/A/CoreServices
0x0000000035430000 	/System/Library/PrivateFrameworks/PerformanceAnalysis.framework/Versions/A/PerformanceAnalysis
0x0000000035430000 	/System/Library/PrivateFrameworks/GenerationalStorage.framework/Versions/A/GenerationalStorage
0x0000000035430000 	/System/Library/Frameworks/OpenGL.framework/Versions/A/OpenGL
0x0000000035430000 	/System/Library/Frameworks/CoreImage.framework/Versions/A/CoreImage
0x0000000035430000 	/System/Library/Frameworks/CoreText.framework/Versions/A/CoreText
0x0000000035430000 	/System/Library/Frameworks/ImageIO.framework/Versions/A/ImageIO
0x0000000035430000 	/System/Library/PrivateFrameworks/Backup.framework/Versions/A/Backup
0x0000000035430000 	/usr/lib/libarchive.2.dylib
0x0000000035430000 	/System/Library/Frameworks/CFNetwork.framework/Versions/A/CFNetwork
0x0000000035430000 	/System/Library/Frameworks/SystemConfiguration.framework/Versions/A/SystemConfiguration
0x0000000035430000 	/usr/lib/libCRFSuite.dylib
0x0000000035430000 	/usr/lib/libc++.1.dylib
0x0000000035430000 	/usr/lib/libc++abi.dylib
0x0000000035430000 	/usr/lib/system/libcache.dylib
0x0000000035430000 	/usr/lib/system/libcommonCrypto.dylib
0x0000000035430000 	/usr/lib/system/libcompiler_rt.dylib
0x0000000035430000 	/usr/lib/system/libcopyfile.dylib
0x0000000035430000 	/usr/lib/system/libcorecrypto.dylib
0x0000000035430000 	/usr/lib/system/libdispatch.dylib
0x0000000035430000 	/usr/lib/system/libdyld.dylib
0x0000000035430000 	/usr/lib/system/libkeymgr.dylib
0x0000000035430000 	/usr/lib/system/liblaunch.dylib
0x0000000035430000 	/usr/lib/system/libmacho.dylib
0x0000000035430000 	/usr/lib/system/libquarantine.dylib
0x0000000035430000 	/usr/lib/system/libremovefile.dylib
0x0000000035430000 	/usr/lib/system/libsystem_asl.dylib
0x0000000035430000 	/usr/lib/system/libsystem_blocks.dylib
0x0000000035430000 	/usr/lib/system/libsystem_c.dylib
0x0000000035430000 	/usr/lib/system/libsystem_configuration.dylib
0x0000000035430000 	/usr/lib/system/libsystem_coreservices.dylib
0x0000000035430000 	/usr/lib/system/libsystem_coretls.dylib
0x0000000035430000 	/usr/lib/system/libsystem_dnssd.dylib
0x0000000035430000 	/usr/lib/system/libsystem_info.dylib
0x0000000035430000 	/usr/lib/system/libsystem_kernel.dylib
0x0000000035430000 	/usr/lib/system/libsystem_m.dylib
0x0000000035430000 	/usr/lib/system/libsystem_malloc.dylib
0x0000000035430000 	/usr/lib/system/libsystem_network.dylib
0x0000000035430000 	/usr/lib/system/libsystem_networkextension.dylib
0x0000000035430000 	/usr/lib/system/libsystem_notify.dylib
0x0000000035430000 	/usr/lib/system/libsystem_platform.dylib
0x0000000035430000 	/usr/lib/system/libsystem_pthread.dylib
0x0000000035430000 	/usr/lib/system/libsystem_sandbox.dylib
0x0000000035430000 	/usr/lib/system/libsystem_secinit.dylib
0x0000000035430000 	/usr/lib/system/libsystem_symptoms.dylib
0x0000000035430000 	/usr/lib/system/libsystem_trace.dylib
0x0000000035430000 	/usr/lib/system/libunwind.dylib
0x0000000035430000 	/usr/lib/system/libxpc.dylib
0x0000000035430000 	/usr/lib/libbsm.0.dylib
0x0000000035430000 	/usr/lib/system/libkxld.dylib
0x0000000035430000 	/usr/lib/libcoretls.dylib
0x0000000035430000 	/usr/lib/libcoretls_cfhelpers.dylib
0x0000000035430000 	/usr/lib/libOpenScriptingUtil.dylib
0x0000000035430000 	/usr/lib/libpam.2.dylib
0x0000000035430000 	/usr/lib/libsqlite3.dylib
0x0000000035430000 	/usr/lib/libxar.1.dylib
0x0000000035430000 	/usr/lib/libbz2.1.0.dylib
0x0000000035430000 	/usr/lib/liblzma.5.dylib
0x0000000035430000 	/usr/lib/libnetwork.dylib
0x0000000035430000 	/usr/lib/libpcap.A.dylib
0x0000000035430000 	/System/Library/Frameworks/CoreServices.framework/Versions/A/Frameworks/FSEvents.framework/Versions/A/FSEvents
0x0000000035430000 	/System/Library/Frameworks/CoreServices.framework/Versions/A/Frameworks/CarbonCore.framework/Versions/A/CarbonCore
0x0000000035430000 	/System/Library/Frameworks/CoreServices.framework/Versions/A/Frameworks/Metadata.framework/Versions/A/Metadata
0x0000000035430000 	/System/Library/Frameworks/CoreServices.framework/Versions/A/Frameworks/OSServices.framework/Versions/A/OSServices
0x0000000035430000 	/System/Library/Frameworks/CoreServices.framework/Versions/A/Frameworks/SearchKit.framework/Versions/A/SearchKit
0x0000000035430000 	/System/Library/Frameworks/CoreServices.framework/Versions/A/Frameworks/AE.framework/Versions/A/AE
0x0000000035430000 	/System/Library/Frameworks/CoreServices.framework/Versions/A/Frameworks/LaunchServices.framework/Versions/A/LaunchServices
0x0000000035430000 	/System/Library/Frameworks/CoreServices.framework/Versions/A/Frameworks/DictionaryServices.framework/Versions/A/DictionaryServices
0x0000000035430000 	/System/Library/Frameworks/CoreServices.framework/Versions/A/Frameworks/SharedFileList.framework/Versions/A/SharedFileList
0x0000000035430000 	/System/Library/Frameworks/NetFS.framework/Versions/A/NetFS
0x0000000035430000 	/System/Library/PrivateFrameworks/NetAuth.framework/Versions/A/NetAuth
0x0000000035430000 	/System/Library/PrivateFrameworks/login.framework/Versions/A/Frameworks/loginsupport.framework/Versions/A/loginsupport
0x0000000035430000 	/System/Library/PrivateFrameworks/TCC.framework/Versions/A/TCC
0x0000000035430000 	/usr/lib/libmecabra.dylib
0x0000000035430000 	/System/Library/Frameworks/ApplicationServices.framework/Versions/A/Frameworks/ATS.framework/Versions/A/ATS
0x0000000035430000 	/System/Library/Frameworks/ApplicationServices.framework/Versions/A/Frameworks/ColorSync.framework/Versions/A/ColorSync
0x0000000035430000 	/System/Library/Frameworks/ApplicationServices.framework/Versions/A/Frameworks/HIServices.framework/Versions/A/HIServices
0x0000000035430000 	/System/Library/Frameworks/ApplicationServices.framework/Versions/A/Frameworks/LangAnalysis.framework/Versions/A/LangAnalysis
0x0000000035430000 	/System/Library/Frameworks/ApplicationServices.framework/Versions/A/Frameworks/PrintCore.framework/Versions/A/PrintCore
0x0000000035430000 	/System/Library/Frameworks/ApplicationServices.framework/Versions/A/Frameworks/QD.framework/Versions/A/QD
0x0000000035430000 	/System/Library/Frameworks/ApplicationServices.framework/Versions/A/Frameworks/SpeechSynthesis.framework/Versions/A/SpeechSynthesis
0x0000000035430000 	/System/Library/Frameworks/Accelerate.framework/Versions/A/Frameworks/vImage.framework/Versions/A/vImage
0x0000000035430000 	/System/Library/Frameworks/Accelerate.framework/Versions/A/Frameworks/vecLib.framework/Versions/A/vecLib
0x0000000035430000 	/System/Library/Frameworks/Accelerate.framework/Versions/A/Frameworks/vecLib.framework/Versions/A/libvDSP.dylib
0x0000000035430000 	/System/Library/Frameworks/Accelerate.framework/Versions/A/Frameworks/vecLib.framework/Versions/A/libBNNS.dylib
0x0000000035430000 	/System/Library/Frameworks/Accelerate.framework/Versions/A/Frameworks/vecLib.framework/Versions/A/libQuadrature.dylib
0x0000000035430000 	/System/Library/Frameworks/Accelerate.framework/Versions/A/Frameworks/vecLib.framework/Versions/A/libvMisc.dylib
0x0000000035430000 	/System/Library/Frameworks/Accelerate.framework/Versions/A/Frameworks/vecLib.framework/Versions/A/libLAPACK.dylib
0x0000000035430000 	/System/Library/Frameworks/Accelerate.framework/Versions/A/Frameworks/vecLib.framework/Versions/A/libBLAS.dylib
0x0000000035430000 	/System/Library/Frameworks/Accelerate.framework/Versions/A/Frameworks/vecLib.framework/Versions/A/libLinearAlgebra.dylib
0x0000000035430000 	/System/Library/Frameworks/Accelerate.framework/Versions/A/Frameworks/vecLib.framework/Versions/A/libSparseBLAS.dylib
0x0000000035430000 	/System/Library/Frameworks/ApplicationServices.framework/Versions/A/Frameworks/ATS.framework/Versions/A/Resources/libFontParser.dylib
0x0000000035430000 	/System/Library/Frameworks/ApplicationServices.framework/Versions/A/Frameworks/ATS.framework/Versions/A/Resources/libFontRegistry.dylib
0x0000000035430000 	/System/Library/Frameworks/ImageIO.framework/Versions/A/Resources/libJPEG.dylib
0x0000000035430000 	/System/Library/Frameworks/ImageIO.framework/Versions/A/Resources/libTIFF.dylib
0x0000000035430000 	/System/Library/Frameworks/ImageIO.framework/Versions/A/Resources/libPng.dylib
0x0000000035430000 	/System/Library/Frameworks/ImageIO.framework/Versions/A/Resources/libGIF.dylib
0x0000000035430000 	/System/Library/Frameworks/ImageIO.framework/Versions/A/Resources/libJP2.dylib
0x0000000035430000 	/System/Library/Frameworks/ImageIO.framework/Versions/A/Resources/libRadiance.dylib
0x0000000035430000 	/usr/lib/libcompression.dylib
0x0000000035430000 	/System/Library/PrivateFrameworks/AppleJPEG.framework/Versions/A/AppleJPEG
0x0000000035430000 	/usr/lib/libcups.2.dylib
0x0000000035430000 	/System/Library/Frameworks/Kerberos.framework/Versions/A/Kerberos
0x0000000035430000 	/System/Library/Frameworks/GSS.framework/Versions/A/GSS
0x0000000035430000 	/usr/lib/libresolv.9.dylib
0x0000000035430000 	/usr/lib/libiconv.2.dylib
0x0000000035430000 	/System/Library/PrivateFrameworks/Heimdal.framework/Versions/A/Heimdal
0x0000000035430000 	/usr/lib/libheimdal-asn1.dylib
0x0000000035430000 	/System/Library/Frameworks/OpenDirectory.framework/Versions/A/OpenDirectory
0x0000000035430000 	/System/Library/PrivateFrameworks/CommonAuth.framework/Versions/A/CommonAuth
0x0000000035430000 	/System/Library/Frameworks/OpenDirectory.framework/Versions/A/Frameworks/CFOpenDirectory.framework/Versions/A/CFOpenDirectory
0x0000000035430000 	/System/Library/Frameworks/SecurityFoundation.framework/Versions/A/SecurityFoundation
0x0000000035430000 	/System/Library/PrivateFrameworks/LanguageModeling.framework/Versions/A/LanguageModeling
0x0000000035430000 	/usr/lib/libmarisa.dylib
0x0000000035430000 	/usr/lib/libChineseTokenizer.dylib
0x0000000035430000 	/usr/lib/libcmph.dylib
0x0000000035430000 	/System/Library/PrivateFrameworks/CoreEmoji.framework/Versions/A/CoreEmoji
0x0000000035430000 	/System/Library/Frameworks/ServiceManagement.framework/Versions/A/ServiceManagement
0x0000000035430000 	/usr/lib/libxslt.1.dylib
0x0000000035430000 	/System/Library/Frameworks/Carbon.framework/Versions/A/Frameworks/Ink.framework/Versions/A/Ink
0x0000000035430000 	/System/Library/PrivateFrameworks/TextureIO.framework/Versions/A/TextureIO
0x0000000035430000 	/System/Library/Frameworks/Metal.framework/Versions/A/Metal
0x0000000035430000 	/usr/lib/libate.dylib
0x0000000035430000 	/System/Library/PrivateFrameworks/GPUCompiler.framework/libmetal_timestamp.dylib
0x0000000035430000 	/System/Library/Frameworks/OpenGL.framework/Versions/A/Libraries/libCoreFSCache.dylib
0x0000000035430000 	/System/Library/PrivateFrameworks/IOAccelerator.framework/Versions/A/IOAccelerator
0x0000000035430000 	/System/Library/Frameworks/CoreVideo.framework/Versions/A/CoreVideo
0x0000000035430000 	/usr/lib/libFosl_dynamic.dylib
0x0000000035430000 	/System/Library/PrivateFrameworks/MetalPerformanceShaders.framework/Versions/A/MetalPerformanceShaders
0x0000000035430000 	/System/Library/PrivateFrameworks/FaceCore.framework/Versions/A/FaceCore
0x0000000035430000 	/System/Library/Frameworks/OpenCL.framework/Versions/A/OpenCL
0x0000000035430000 	/System/Library/Frameworks/OpenGL.framework/Versions/A/Libraries/libGLU.dylib
0x0000000035430000 	/System/Library/Frameworks/OpenGL.framework/Versions/A/Libraries/libGFXShared.dylib
0x0000000035430000 	/System/Library/Frameworks/OpenGL.framework/Versions/A/Libraries/libGL.dylib
0x0000000035430000 	/System/Library/Frameworks/OpenGL.framework/Versions/A/Libraries/libGLImage.dylib
0x0000000035430000 	/System/Library/Frameworks/OpenGL.framework/Versions/A/Libraries/libCVMSPluginSupport.dylib
0x0000000035430000 	/System/Library/Frameworks/OpenGL.framework/Versions/A/Libraries/libCoreVMClient.dylib
0x0000000035430000 	/System/Library/PrivateFrameworks/CrashReporterSupport.framework/Versions/A/CrashReporterSupport
0x0000000035430000 	/System/Library/PrivateFrameworks/Sharing.framework/Versions/A/Sharing
0x0000000035430000 	/System/Library/PrivateFrameworks/IconServices.framework/Versions/A/IconServices
0x0000000035430000 	/System/Library/PrivateFrameworks/ProtocolBuffer.framework/Versions/A/ProtocolBuffer
0x0000000035430000 	/System/Library/PrivateFrameworks/Apple80211.framework/Versions/A/Apple80211
0x0000000035430000 	/System/Library/Frameworks/CoreWLAN.framework/Versions/A/CoreWLAN
0x0000000035430000 	/System/Library/PrivateFrameworks/CoreUtils.framework/Versions/A/CoreUtils
0x0000000035430000 	/System/Library/Frameworks/IOBluetooth.framework/Versions/A/IOBluetooth
0x0000000035430000 	/System/Library/PrivateFrameworks/CoreWiFi.framework/Versions/A/CoreWiFi
0x0000000035430000 	/System/Library/Frameworks/CoreBluetooth.framework/Versions/A/CoreBluetooth
0x0000000035430000 	/System/Library/Frameworks/CoreDisplay.framework/Versions/A/CoreDisplay
0x0000000035430000 	/System/Library/PrivateFrameworks/IOPresentment.framework/Versions/A/IOPresentment
0x0000000035430000 	/System/Library/PrivateFrameworks/DSExternalDisplay.framework/Versions/A/DSExternalDisplay
0x0000000035430000 	/System/Library/PrivateFrameworks/DebugSymbols.framework/Versions/A/DebugSymbols
0x0000000035430000 	/System/Library/PrivateFrameworks/CoreSymbolication.framework/Versions/A/CoreSymbolication
0x0000000035430000 	/System/Library/PrivateFrameworks/Symbolication.framework/Versions/A/Symbolication
0x0000000035430000 	/System/Library/PrivateFrameworks/AppleFSCompression.framework/Versions/A/AppleFSCompression
0x0000000035430000 	/System/Library/PrivateFrameworks/SpeechRecognitionCore.framework/Versions/A/SpeechRecognitionCore
0x0000000035430000 	/System/Library/PrivateFrameworks/ChunkingLibrary.framework/Versions/A/ChunkingLibrary
0x0000000109c00000 	/Library/Java/JavaVirtualMachines/jdk1.8.0_131.jdk/Contents/Home/jre/lib/server/libjvm.dylib
0x0000000035430000 	/usr/lib/libstdc++.6.dylib
0x0000000108aea000 	/Library/Java/JavaVirtualMachines/jdk1.8.0_131.jdk/Contents/Home/jre/lib/libverify.dylib
0x0000000108af8000 	/Library/Java/JavaVirtualMachines/jdk1.8.0_131.jdk/Contents/Home/jre/lib/libjava.dylib
0x0000000108b37000 	/Library/Java/JavaVirtualMachines/jdk1.8.0_131.jdk/Contents/Home/jre/lib/libzip.dylib
0x0000000116386000 	/System/Library/Frameworks/JavaVM.framework/Frameworks/JavaRuntimeSupport.framework/JavaRuntimeSupport
0x0000000108beb000 	/System/Library/Frameworks/JavaVM.framework/Versions/A/Frameworks/JavaNativeFoundation.framework/Versions/A/JavaNativeFoundation
0x00000001163a0000 	/System/Library/Frameworks/JavaVM.framework/Versions/A/JavaVM
0x0000000035430000 	/System/Library/Frameworks/Carbon.framework/Versions/A/Carbon
0x00000001163ad000 	/System/Library/PrivateFrameworks/JavaLaunching.framework/Versions/A/JavaLaunching
0x0000000035430000 	/System/Library/Frameworks/Carbon.framework/Versions/A/Frameworks/CommonPanels.framework/Versions/A/CommonPanels
0x0000000035430000 	/System/Library/Frameworks/Carbon.framework/Versions/A/Frameworks/Help.framework/Versions/A/Help
0x0000000035430000 	/System/Library/Frameworks/Carbon.framework/Versions/A/Frameworks/ImageCapture.framework/Versions/A/ImageCapture
0x0000000035430000 	/System/Library/Frameworks/Carbon.framework/Versions/A/Frameworks/OpenScripting.framework/Versions/A/OpenScripting
0x0000000035430000 	/System/Library/Frameworks/Carbon.framework/Versions/A/Frameworks/Print.framework/Versions/A/Print
0x0000000035430000 	/System/Library/Frameworks/Carbon.framework/Versions/A/Frameworks/SecurityHI.framework/Versions/A/SecurityHI
0x0000000127ce0000 	/Library/Java/JavaVirtualMachines/jdk1.8.0_131.jdk/Contents/Home/jre/lib/libmanagement.dylib
0x0000000127eee000 	/Library/Java/JavaVirtualMachines/jdk1.8.0_131.jdk/Contents/Home/jre/lib/libnet.dylib
0x0000000127f4d000 	/Library/Java/JavaVirtualMachines/jdk1.8.0_131.jdk/Contents/Home/jre/lib/libnio.dylib

VM Arguments:
java_command: target/djs-0.0.1-SNAPSHOT.jar agent server agent.yml
java_class_path (initial): target/djs-0.0.1-SNAPSHOT.jar
Launcher Type: SUN_STANDARD

Environment Variables:
PATH=/Users/msoni/.rbenv/shims:/usr/local/bin:/usr/bin:/bin:/usr/sbin:/sbin:/usr/local/go/bin:/Users/msoni/go/src/k8s.io/kubernetes/third_party/etcd:/usr/local/opt/python/libexec/bin:/Users/msoni/go/bin:/Users/msoni/.toolbox/homebrew/toolbox-bin:/Users/msoni/.toolbox/homebrew/sbin:/Users/msoni/work/boxgit/devtools/bin
SHELL=/bin/zsh

Signal Handlers:
SIGSEGV: [libjvm.dylib+0x5b1eb1], sa_mask[0]=11111111011111110111111111111111, sa_flags=SA_ONSTACK|SA_RESTART|SA_SIGINFO
SIGBUS: [libjvm.dylib+0x5b1eb1], sa_mask[0]=11111111011111110111111111111111, sa_flags=SA_RESTART|SA_SIGINFO
SIGFPE: [libjvm.dylib+0x488988], sa_mask[0]=11111111011111110111111111111111, sa_flags=SA_RESTART|SA_SIGINFO
SIGPIPE: [libjvm.dylib+0x488988], sa_mask[0]=11111111011111110111111111111111, sa_flags=SA_RESTART|SA_SIGINFO
SIGXFSZ: [libjvm.dylib+0x488988], sa_mask[0]=11111111011111110111111111111111, sa_flags=SA_RESTART|SA_SIGINFO
SIGILL: [libjvm.dylib+0x488988], sa_mask[0]=11111111011111110111111111111111, sa_flags=SA_RESTART|SA_SIGINFO
SIGUSR1: SIG_DFL, sa_mask[0]=00000000000000000000000000000000, sa_flags=SA_RESTART
SIGUSR2: [libjvm.dylib+0x4884a6], sa_mask[0]=00000000000000000000000000000000, sa_flags=SA_RESTART|SA_SIGINFO
SIGHUP: [libjvm.dylib+0x486a7d], sa_mask[0]=11111111011111110111111111111111, sa_flags=SA_RESTART|SA_SIGINFO
SIGINT: [libjvm.dylib+0x486a7d], sa_mask[0]=11111111011111110111111111111111, sa_flags=SA_RESTART|SA_SIGINFO
SIGTERM: [libjvm.dylib+0x486a7d], sa_mask[0]=11111111011111110111111111111111, sa_flags=SA_RESTART|SA_SIGINFO
SIGQUIT: [libjvm.dylib+0x486a7d], sa_mask[0]=11111111011111110111111111111111, sa_flags=SA_RESTART|SA_SIGINFO


---------------  S Y S T E M  ---------------

OS:Bsduname:Darwin 16.7.0 Darwin Kernel Version 16.7.0: Wed Oct  4 00:17:00 PDT 2017; root:xnu-3789.71.6~1/RELEASE_X86_64 x86_64
rlimit: STACK 8192k, CORE 0k, NPROC 709, NOFILE 10240, AS infinity
load average:2.49 2.20 2.17

CPU:total 8 (initial active 8) (4 cores per cpu, 2 threads per core) family 6 model 94 stepping 3, cmov, cx8, fxsr, mmx, sse, sse2, sse3, ssse3, sse4.1, sse4.2, popcnt, avx, avx2, aes, clmul, erms, rtm, 3dnowpref, lzcnt, ht, tsc, tscinvbit, bmi1, bmi2, adx

Memory: 4k page, physical 16777216k(2047356k free)

/proc/meminfo:


vm_info: Java HotSpot(TM) 64-Bit Server VM (25.131-b11) for bsd-amd64 JRE (1.8.0_131-b11), built on Mar 15 2017 01:32:22 by "java_re" with gcc 4.2.1 (Based on Apple Inc. build 5658) (LLVM build 2336.11.00)

time: Tue Dec  5 20:48:53 2017
elapsed time: 658 seconds (0d 0h 10m 58s)

